<?xml version="1.0" encoding="UTF-8"?>
<testsuite xmlns:xsi="http://www.w3.org/2001/XMLSchema-instance" xsi:noNamespaceSchemaLocation="https://maven.apache.org/surefire/maven-surefire-plugin/xsd/surefire-test-report-3.0.xsd" version="3.0" name="com.sagarvarule.runner.RunCucumberTest" time="1.553" tests="1" errors="0" skipped="0" failures="0">
  <properties>
[...]
</properties>
  <testcase name="Test1" classname="Test" time="1.23">
    <system-out><![CDATA[
  .   ____          _            __ _ _
 /\\ / ___'_ __ _ _(_)_ __  __ _ \ \ \ \
( ( )\___ | '_ | '_| | '_ \/ _` | \ \ \ \
 \\/  ___)| |_)| | | | | || (_| |  ) ) ) )
  '  |____| .__|_| |_|_| |_\__, | / / / /
 =========|_|==============|___/=/_/_/_/

 :: Spring Boot ::                (v3.5.5)

2025-09-10T16:08:45.832+05:30  INFO 117264 --- [           main] c.s.support.CucumberSpringConfig         : Starting CucumberSpringConfig using Java 21.0.8 with PID 117264 (started by sagarv in /home/sagarv/Projects/cucumber-spring-sv/api)
2025-09-10T16:08:45.834+05:30  INFO 117264 --- [           main] c.s.support.CucumberSpringConfig         : No active profile set, falling back to 1 default profile: "default"
2025-09-10T16:08:46.138+05:30  INFO 117264 --- [           main] c.s.support.CucumberSpringConfig         : Started CucumberSpringConfig in 0.513 seconds (process running for 1.416)

Scenario: Test1       &amp#27;[90m# features/Sample.feature:2&amp#27;[0m
  &amp#27;[32mGiven &amp#27;[0m&amp#27;[32mI launch app&amp#27;[0m  &amp#27;[90m# com.sagarvarule.stepdefinitions.MyStepdefs.iLaunchApp()&amp#27;[0m
  &amp#27;[32mThen &amp#27;[0m&amp#27;[32mI see app open&amp#27;[0m &amp#27;[90m# com.sagarvarule.stepdefinitions.MyStepdefs.iSeeAppOpen()&amp#27;[0m
]]></system-out>
    <system-err><![CDATA[Mockito is currently self-attaching to enable the inline-mock-maker. This will no longer work in future releases of the JDK. Please add Mockito as an agent to your build as described in Mockito's documentation: https://javadoc.io/doc/org.mockito/mockito-core/latest/org.mockito/org/mockito/Mockito.html#0.3
WARNING: A Java agent has been loaded dynamically (/home/sagarv/.m2/repository/net/bytebuddy/byte-buddy-agent/1.15.11/byte-buddy-agent-1.15.11.jar)
WARNING: If a serviceability tool is in use, please run with -XX:+EnableDynamicAgentLoading to hide this warning
WARNING: If a serviceability tool is not in use, please run with -Djdk.instrument.traceUsage for more information
WARNING: Dynamic loading of agents will be disallowed by default in a future release
]]></system-err>
  </testcase>
</testsuite>